<?xml version="1.0" encoding="UTF-8"?>
<!-- Generated by org.testng.reporters.JUnitXMLReporter -->
<testsuite ignored="0" hostname="DESKTOP-7QU5CGR" failures="0" tests="4" name="Default test" time="0.102" errors="0" timestamp="10 May 2024 07:50:02 GMT">
  <testcase classname="com.comcast.crm.baseTest.BaseClass" name="@BeforeClass configbeforeclass" time="0.0">
    <failure type="org.testng.TestNGException" message="
Can inject only one of &amp;lt;ITestContext, XmlTest&amp;gt; into a @BeforeClass annotated configbeforeclass.
For more information on native dependency injection please refer to http://testng.org/doc/documentation-main.html#native-dependency-injection">
      <![CDATA[org.testng.TestNGException: 
Can inject only one of <ITestContext, XmlTest> into a @BeforeClass annotated configbeforeclass.
For more information on native dependency injection please refer to http://testng.org/doc/documentation-main.html#native-dependency-injection
at org.testng.internal.Parameters.checkParameterTypes(Parameters.java:407)
at org.testng.internal.Parameters.createParametersForMethod(Parameters.java:356)
at org.testng.internal.Parameters.createParameters(Parameters.java:635)
at org.testng.internal.Parameters.createConfigurationParameters(Parameters.java:190)
at org.testng.internal.Invoker.invokeConfigurations(Invoker.java:209)
at org.testng.internal.Invoker.invokeConfigurations(Invoker.java:142)
at org.testng.internal.TestMethodWorker.invokeBeforeClassMethods(TestMethodWorker.java:168)
at org.testng.internal.TestMethodWorker.run(TestMethodWorker.java:105)
at org.testng.TestRunner.privateRun(TestRunner.java:648)
at org.testng.TestRunner.run(TestRunner.java:505)
at org.testng.SuiteRunner.runTest(SuiteRunner.java:455)
at org.testng.SuiteRunner.runSequentially(SuiteRunner.java:450)
at org.testng.SuiteRunner.privateRun(SuiteRunner.java:415)
at org.testng.SuiteRunner.run(SuiteRunner.java:364)
at org.testng.SuiteRunnerWorker.runSuite(SuiteRunnerWorker.java:52)
at org.testng.SuiteRunnerWorker.run(SuiteRunnerWorker.java:84)
at org.testng.TestNG.runSuitesSequentially(TestNG.java:1208)
at org.testng.TestNG.runSuitesLocally(TestNG.java:1137)
at org.testng.TestNG.runSuites(TestNG.java:1049)
at org.testng.TestNG.run(TestNG.java:1017)
at org.testng.remote.AbstractRemoteTestNG.run(AbstractRemoteTestNG.java:115)
at org.testng.remote.RemoteTestNG.initAndRun(RemoteTestNG.java:251)
at org.testng.remote.RemoteTestNG.main(RemoteTestNG.java:77)
]]>
    </failure>
  </testcase> <!-- @BeforeClass configbeforeclass -->
  <testcase classname="com.comcast.crm.baseTest.BaseClass" name="@BeforeMethod beforeMethod" time="0.0">
    <skipped/>
  </testcase> <!-- @BeforeMethod beforeMethod -->
  <testcase classname="com.comcast.crm.baseTest.BaseClass" name="@AfterMethod afterMethod" time="0.0">
    <skipped/>
  </testcase> <!-- @AfterMethod afterMethod -->
  <testcase classname="com.comcast.crm.baseTest.BaseClass" name="@BeforeMethod beforeMethod" time="0.0">
    <skipped/>
  </testcase> <!-- @BeforeMethod beforeMethod -->
  <testcase classname="com.comcast.crm.baseTest.BaseClass" name="@AfterMethod afterMethod" time="0.0">
    <skipped/>
  </testcase> <!-- @AfterMethod afterMethod -->
  <testcase classname="com.comcast.crm.baseTest.BaseClass" name="@BeforeMethod beforeMethod" time="0.0">
    <skipped/>
  </testcase> <!-- @BeforeMethod beforeMethod -->
  <testcase classname="com.comcast.crm.baseTest.BaseClass" name="@AfterMethod afterMethod" time="0.0">
    <skipped/>
  </testcase> <!-- @AfterMethod afterMethod -->
  <testcase classname="com.comcast.crm.baseTest.BaseClass" name="@BeforeMethod beforeMethod" time="0.0">
    <skipped/>
  </testcase> <!-- @BeforeMethod beforeMethod -->
  <testcase classname="com.comcast.crm.baseTest.BaseClass" name="@AfterMethod afterMethod" time="0.0">
    <skipped/>
  </testcase> <!-- @AfterMethod afterMethod -->
  <testcase classname="com.comcast.crm.baseTest.BaseClass" name="@AfterClass Afterclass" time="0.0">
    <skipped/>
  </testcase> <!-- @AfterClass Afterclass -->
  <testcase classname="com.comcast.crm.orgaAllTest.CreateOrganizationTest" name="CreateOrganizationWithIndustryTest" time="0.0">
    <skipped/>
  </testcase> <!-- CreateOrganizationWithIndustryTest -->
  <testcase classname="com.comcast.crm.orgaAllTest.CreateOrganizationTest" name="CreateOrganizationWithPhoneNumberTest" time="0.0">
    <skipped/>
  </testcase> <!-- CreateOrganizationWithPhoneNumberTest -->
  <testcase classname="com.comcast.crm.orgaAllTest.CreateOrganizationTest" name="CreateOrgganizationTest" time="0.0">
    <skipped/>
  </testcase> <!-- CreateOrgganizationTest -->
  <testcase classname="com.comcast.crm.orgaAllTest.CreateOrganizationTest" name="DeleteOrgnization" time="0.0">
    <skipped/>
  </testcase> <!-- DeleteOrgnization -->
</testsuite> <!-- Default test -->
