<?xml version="1.0" encoding="UTF-8"?>
<!-- Generated by org.testng.reporters.JUnitXMLReporter -->
<testsuite ignored="3" hostname="DESKTOP-7QU5CGR" failures="0" tests="1" name="Test" time="99.279" errors="0" timestamp="10 May 2024 07:55:16 GMT">
  <testcase classname="com.comcast.crm.orgaAllTest.CreateOrganizationTest" name="CreateOrgganizationTest" time="48.871"/>
  <testcase classname="com.comcast.crm.orgaAllTest.CreateOrganizationTest" name="DeleteOrgnization" time="0.0">
    <ignored/>
  </testcase> <!-- DeleteOrgnization -->
  <testcase classname="com.comcast.crm.orgaAllTest.CreateOrganizationTest" name="CreateOrganizationWithIndustryTest" time="0.0">
    <ignored/>
  </testcase> <!-- CreateOrganizationWithIndustryTest -->
  <testcase classname="com.comcast.crm.orgaAllTest.CreateOrganizationTest" name="CreateOrganizationWithPhoneNumberTest" time="0.0">
    <ignored/>
  </testcase> <!-- CreateOrganizationWithPhoneNumberTest -->
</testsuite> <!-- Test -->
