<?xml version="1.0" encoding="UTF-8"?>
<!-- Generated by org.testng.reporters.JUnitXMLReporter -->
<testsuite ignored="2" hostname="DESKTOP-7QU5CGR" failures="0" tests="7" name="TestRunner=chrome" time="317.41" errors="0" timestamp="04 May 2024 10:28:43 GMT">
  <testcase classname="com.comcast.crm.orgaAllTest.CreateOrganizationTest" name="CreateOrganizationWithIndustryTest" time="25.702"/>
  <testcase classname="com.comcast.crm.orgaAllTest.CreateOrganizationTest" name="CreateOrganizationWithPhoneNumberTest" time="29.374"/>
  <testcase classname="com.comcast.crm.orgaAllTest.CreateOrganizationTest" name="CreateOrgganizationTest" time="26.822"/>
  <testcase classname="com.comcast.crm.orgaAllTest.CreateOrganizationTest" name="DeleteOrgnization" time="30.362"/>
  <testcase classname="com.comcast.crm.contactAllTest.CreateContactTest" name="CreateConatctTest" time="28.508"/>
  <testcase classname="com.comcast.crm.contactAllTest.CreateContactTest" name="createContactWithOrgTest" time="46.16"/>
  <testcase classname="com.comcast.crm.contactAllTest.CreateContactTest" name="createContactWithSupportDateTest" time="18.804"/>
  <testcase classname="com.comcast.crm.baseTest.BaseClass" name="@BeforeSuite configbeforesuit" time="0.0">
    <ignored/>
  </testcase> <!-- @BeforeSuite configbeforesuit -->
  <testcase classname="com.comcast.crm.baseTest.BaseClass" name="@AfterSuite aftersuit" time="0.0">
    <ignored/>
  </testcase> <!-- @AfterSuite aftersuit -->
</testsuite> <!-- TestRunner=chrome -->
