<?xml version="1.0" encoding="UTF-8"?>
<!-- Generated by org.testng.reporters.JUnitXMLReporter -->
<testsuite ignored="2" hostname="DESKTOP-7QU5CGR" failures="0" tests="7" name="TestRunner-Firefox" time="311.601" errors="0" timestamp="04 May 2024 10:28:38 GMT">
  <testcase classname="com.comcast.crm.orgaAllTest.CreateOrganizationTest" name="CreateOrganizationWithIndustryTest" time="27.431"/>
  <testcase classname="com.comcast.crm.orgaAllTest.CreateOrganizationTest" name="CreateOrganizationWithPhoneNumberTest" time="26.455"/>
  <testcase classname="com.comcast.crm.orgaAllTest.CreateOrganizationTest" name="CreateOrgganizationTest" time="28.718"/>
  <testcase classname="com.comcast.crm.orgaAllTest.CreateOrganizationTest" name="DeleteOrgnization" time="32.865"/>
  <testcase classname="com.comcast.crm.contactAllTest.CreateContactTest" name="CreateConatctTest" time="28.136"/>
  <testcase classname="com.comcast.crm.contactAllTest.CreateContactTest" name="createContactWithOrgTest" time="47.427"/>
  <testcase classname="com.comcast.crm.contactAllTest.CreateContactTest" name="createContactWithSupportDateTest" time="20.065"/>
  <testcase classname="com.comcast.crm.baseTest.BaseClass" name="@BeforeSuite configbeforesuit" time="0.0">
    <ignored/>
  </testcase> <!-- @BeforeSuite configbeforesuit -->
  <testcase classname="com.comcast.crm.baseTest.BaseClass" name="@AfterSuite aftersuit" time="0.0">
    <ignored/>
  </testcase> <!-- @AfterSuite aftersuit -->
</testsuite> <!-- TestRunner-Firefox -->
